{"name": "Оформление заказа для залогиненного пользователя", "status": "broken", "statusDetails": {"message": "selenium.common.exceptions.MoveTargetOutOfBoundsException: Message: Move target (603, 1131) is out of bounds of viewport dimensions (1536, 748)\nStacktrace:\nRemoteError@chrome://remote/content/shared/RemoteError.sys.mjs:8:8\nWebDriverError@chrome://remote/content/shared/webdriver/Errors.sys.mjs:193:5\nMoveTargetOutOfBoundsError@chrome://remote/content/shared/webdriver/Errors.sys.mjs:479:5\nassertInViewPort@chrome://remote/content/shared/webdriver/Actions.sys.mjs:2380:11\ndispatch@chrome://remote/content/shared/webdriver/Actions.sys.mjs:1161:21\ndispatch/pendingEvents<@chrome://remote/content/shared/webdriver/Actions.sys.mjs:2036:14\ndispatch@chrome://remote/content/shared/webdriver/Actions.sys.mjs:2035:39\ndispatch/chainEvents<@chrome://remote/content/shared/webdriver/Actions.sys.mjs:1946:27\ndispatch@chrome://remote/content/shared/webdriver/Actions.sys.mjs:1948:7\nperformActions@chrome://remote/content/marionette/actors/MarionetteCommandsChild.sys.mjs:491:23\nreceiveMessage@chrome://remote/content/marionette/actors/MarionetteCommandsChild.sys.mjs:144:31", "trace": "self = <test_main_functions.TestMainFunctions object at 0x00000154BC3E0590>, driver = <selenium.webdriver.firefox.webdriver.WebDriver (session=\"fa9eccff-2332-4d84-be7a-1adace26c12d\")>\n\n    @allure.title(\"Оформление заказа для залогиненного пользователя\")\n    def test_place_order(self, driver):\n        main_page = MainPage(driver)\n    \n        main_page.login(DataUser.EMAIL, DataUser.PASSWORD)\n        main_page.drag_ingredient_to_basket(MainPageLocators.BUN_LINK1)\n>       main_page.drag_ingredient_to_basket(MainPageLocators.LINK_FILLING)\n\ntests\\test_main_functions.py:48: \n_ _ _ _ _ _ _ _ _ _ _ _ _ _ _ _ _ _ _ _ _ _ _ _ _ _ _ _ _ _ _ _ _ _ _ _ _ _ _ _ _ _ _ _ _ _ _ _ _ _ _ _ _ _ _ _ _ _ _ _ _ _ _ _ _ _ _ _ _ _ _ _ _ _ _ _ _ _ _ _ _ _ _ _ _ _ _ _ _ _ _ _\npages\\base_page.py:86: in drag_ingredient_to_basket\n    self.perform_drag_and_drop(ingredient, target)\npages\\base_page.py:80: in perform_drag_and_drop\n    actions.drag_and_drop(source_element, target_element).perform()\n.venv\\Lib\\site-packages\\selenium\\webdriver\\common\\action_chains.py:94: in perform\n    self.w3c_actions.perform()\n.venv\\Lib\\site-packages\\selenium\\webdriver\\common\\actions\\action_builder.py:96: in perform\n    self.driver.execute(Command.W3C_ACTIONS, enc)\n.venv\\Lib\\site-packages\\selenium\\webdriver\\remote\\webdriver.py:354: in execute\n    self.error_handler.check_response(response)\n_ _ _ _ _ _ _ _ _ _ _ _ _ _ _ _ _ _ _ _ _ _ _ _ _ _ _ _ _ _ _ _ _ _ _ _ _ _ _ _ _ _ _ _ _ _ _ _ _ _ _ _ _ _ _ _ _ _ _ _ _ _ _ _ _ _ _ _ _ _ _ _ _ _ _ _ _ _ _ _ _ _ _ _ _ _ _ _ _ _ _ _\n\nself = <selenium.webdriver.remote.errorhandler.ErrorHandler object at 0x00000154BC516A50>\nresponse = {'status': 500, 'value': '{\"value\":{\"error\":\"move target out of bounds\",\"message\":\"Move target (603, 1131) is out of b...ys.mjs:491:23\\\\nreceiveMessage@chrome://remote/content/marionette/actors/MarionetteCommandsChild.sys.mjs:144:31\\\\n\"}}'}\n\n    def check_response(self, response: Dict[str, Any]) -> None:\n        \"\"\"Checks that a JSON response from the WebDriver does not have an\n        error.\n    \n        :Args:\n         - response - The JSON response from the WebDriver server as a dictionary\n           object.\n    \n        :Raises: If the response contains an error message.\n        \"\"\"\n        status = response.get(\"status\", None)\n        if not status or status == ErrorCode.SUCCESS:\n            return\n        value = None\n        message = response.get(\"message\", \"\")\n        screen: str = response.get(\"screen\", \"\")\n        stacktrace = None\n        if isinstance(status, int):\n            value_json = response.get(\"value\", None)\n            if value_json and isinstance(value_json, str):\n                import json\n    \n                try:\n                    value = json.loads(value_json)\n                    if len(value) == 1:\n                        value = value[\"value\"]\n                    status = value.get(\"error\", None)\n                    if not status:\n                        status = value.get(\"status\", ErrorCode.UNKNOWN_ERROR)\n                        message = value.get(\"value\") or value.get(\"message\")\n                        if not isinstance(message, str):\n                            value = message\n                            message = message.get(\"message\")\n                    else:\n                        message = value.get(\"message\", None)\n                except ValueError:\n                    pass\n    \n        exception_class: Type[WebDriverException]\n        e = ErrorCode()\n        error_codes = [item for item in dir(e) if not item.startswith(\"__\")]\n        for error_code in error_codes:\n            error_info = getattr(ErrorCode, error_code)\n            if isinstance(error_info, list) and status in error_info:\n                exception_class = getattr(ExceptionMapping, error_code, WebDriverException)\n                break\n        else:\n            exception_class = WebDriverException\n    \n        if not value:\n            value = response[\"value\"]\n        if isinstance(value, str):\n            raise exception_class(value)\n        if message == \"\" and \"message\" in value:\n            message = value[\"message\"]\n    \n        screen = None  # type: ignore[assignment]\n        if \"screen\" in value:\n            screen = value[\"screen\"]\n    \n        stacktrace = None\n        st_value = value.get(\"stackTrace\") or value.get(\"stacktrace\")\n        if st_value:\n            if isinstance(st_value, str):\n                stacktrace = st_value.split(\"\\n\")\n            else:\n                stacktrace = []\n                try:\n                    for frame in st_value:\n                        line = frame.get(\"lineNumber\", \"\")\n                        file = frame.get(\"fileName\", \"<anonymous>\")\n                        if line:\n                            file = f\"{file}:{line}\"\n                        meth = frame.get(\"methodName\", \"<anonymous>\")\n                        if \"className\" in frame:\n                            meth = f\"{frame['className']}.{meth}\"\n                        msg = \"    at %s (%s)\"\n                        msg = msg % (meth, file)\n                        stacktrace.append(msg)\n                except TypeError:\n                    pass\n        if exception_class == UnexpectedAlertPresentException:\n            alert_text = None\n            if \"data\" in value:\n                alert_text = value[\"data\"].get(\"text\")\n            elif \"alert\" in value:\n                alert_text = value[\"alert\"].get(\"text\")\n            raise exception_class(message, screen, stacktrace, alert_text)  # type: ignore[call-arg]  # mypy is not smart enough here\n>       raise exception_class(message, screen, stacktrace)\nE       selenium.common.exceptions.MoveTargetOutOfBoundsException: Message: Move target (603, 1131) is out of bounds of viewport dimensions (1536, 748)\nE       Stacktrace:\nE       RemoteError@chrome://remote/content/shared/RemoteError.sys.mjs:8:8\nE       WebDriverError@chrome://remote/content/shared/webdriver/Errors.sys.mjs:193:5\nE       MoveTargetOutOfBoundsError@chrome://remote/content/shared/webdriver/Errors.sys.mjs:479:5\nE       assertInViewPort@chrome://remote/content/shared/webdriver/Actions.sys.mjs:2380:11\nE       dispatch@chrome://remote/content/shared/webdriver/Actions.sys.mjs:1161:21\nE       dispatch/pendingEvents<@chrome://remote/content/shared/webdriver/Actions.sys.mjs:2036:14\nE       dispatch@chrome://remote/content/shared/webdriver/Actions.sys.mjs:2035:39\nE       dispatch/chainEvents<@chrome://remote/content/shared/webdriver/Actions.sys.mjs:1946:27\nE       dispatch@chrome://remote/content/shared/webdriver/Actions.sys.mjs:1948:7\nE       performActions@chrome://remote/content/marionette/actors/MarionetteCommandsChild.sys.mjs:491:23\nE       receiveMessage@chrome://remote/content/marionette/actors/MarionetteCommandsChild.sys.mjs:144:31\n\n.venv\\Lib\\site-packages\\selenium\\webdriver\\remote\\errorhandler.py:229: MoveTargetOutOfBoundsException"}, "steps": [{"name": "Войти в систему", "status": "passed", "steps": [{"name": "Кликнуть на элемент", "status": "passed", "steps": [{"name": "Найти элемент на странице", "status": "passed", "parameters": [{"name": "locator", "value": "('xpath', \"//p[text()= 'Личный Кабинет']\")"}], "start": 1729762436686, "stop": 1729762436701}], "parameters": [{"name": "locator", "value": "('xpath', \"//p[text()= 'Личный Кабинет']\")"}], "start": 1729762436686, "stop": 1729762436998}, {"name": "Подождать загрузку элемента", "status": "passed", "parameters": [{"name": "locator", "value": "['xpath', \"//label[text()='Email']/parent::*/input\"]"}, {"name": "timeout", "value": "5"}], "start": 1729762436998, "stop": 1729762437022}, {"name": "Подождать загрузку элемента", "status": "passed", "parameters": [{"name": "locator", "value": "['xpath', \"//input[@name='Пароль']\"]"}, {"name": "timeout", "value": "5"}], "start": 1729762437022, "stop": 1729762437034}, {"name": "Ввести значение в поле", "status": "passed", "parameters": [{"name": "locator", "value": "['xpath', \"//label[text()='Email']/parent::*/input\"]"}, {"name": "value", "value": "'veronika_volkova_9_123@yandex.ru'"}], "start": 1729762437034, "stop": 1729762437145}, {"name": "Ввести значение в поле", "status": "passed", "parameters": [{"name": "locator", "value": "['xpath', \"//input[@name='Пароль']\"]"}, {"name": "value", "value": "'123456'"}], "start": 1729762437146, "stop": 1729762437179}, {"name": "Кликнуть на элемент", "status": "passed", "steps": [{"name": "Найти элемент на странице", "status": "passed", "parameters": [{"name": "locator", "value": "['xpath', \"//button[text()='Войти']\"]"}], "start": 1729762437180, "stop": 1729762437184}], "parameters": [{"name": "locator", "value": "['xpath', \"//button[text()='Войти']\"]"}], "start": 1729762437180, "stop": 1729762437417}, {"name": "Подождать загрузку элемента", "status": "passed", "parameters": [{"name": "locator", "value": "['xpath', './/button[text() = \"Оформить заказ\"]']"}, {"name": "timeout", "value": "5"}], "start": 1729762437417, "stop": 1729762437943}], "parameters": [{"name": "email", "value": "'veronika_volkova_9_123@yandex.ru'"}, {"name": "password", "value": "'123456'"}], "start": 1729762436686, "stop": 1729762437943}, {"name": "Перетащить ингредиенты в конструктор", "status": "passed", "steps": [{"name": "Выполнить перетаскивание элемента", "status": "passed", "parameters": [{"name": "source_element", "value": "<selenium.webdriver.remote.webelement.WebElement (session=\"fa9eccff-2332-4d84-be7a-1adace26c12d\", element=\"f5f9e196-d59b-4af4-a84f-d102aac626e5\")>"}, {"name": "target_element", "value": "<selenium.webdriver.remote.webelement.WebElement (session=\"fa9eccff-2332-4d84-be7a-1adace26c12d\", element=\"6f5c8601-c245-45e8-9d66-b3f507b1237d\")>"}], "start": 1729762437956, "stop": 1729762438526}], "parameters": [{"name": "ingredient_locator", "value": "['xpath', \".//a[@href='/ingredient/61c0c5a71d1f82001bdaaa6d']\"]"}], "start": 1729762437943, "stop": 1729762438526}, {"name": "Перетащить ингредиенты в конструктор", "status": "broken", "statusDetails": {"message": "selenium.common.exceptions.MoveTargetOutOfBoundsException: Message: Move target (603, 1131) is out of bounds of viewport dimensions (1536, 748)\nStacktrace:\nRemoteError@chrome://remote/content/shared/RemoteError.sys.mjs:8:8\nWebDriverError@chrome://remote/content/shared/webdriver/Errors.sys.mjs:193:5\nMoveTargetOutOfBoundsError@chrome://remote/content/shared/webdriver/Errors.sys.mjs:479:5\nassertInViewPort@chrome://remote/content/shared/webdriver/Actions.sys.mjs:2380:11\ndispatch@chrome://remote/content/shared/webdriver/Actions.sys.mjs:1161:21\ndispatch/pendingEvents<@chrome://remote/content/shared/webdriver/Actions.sys.mjs:2036:14\ndispatch@chrome://remote/content/shared/webdriver/Actions.sys.mjs:2035:39\ndispatch/chainEvents<@chrome://remote/content/shared/webdriver/Actions.sys.mjs:1946:27\ndispatch@chrome://remote/content/shared/webdriver/Actions.sys.mjs:1948:7\nperformActions@chrome://remote/content/marionette/actors/MarionetteCommandsChild.sys.mjs:491:23\nreceiveMessage@chrome://remote/content/marionette/actors/MarionetteCommandsChild.sys.mjs:144:31\n\n", "trace": "  File \"C:\\Users\\Marina\\Desktop\\Diplom\\Diplom_3\\.venv\\Lib\\site-packages\\allure_commons\\_allure.py\", line 192, in impl\n    return func(*a, **kw)\n           ^^^^^^^^^^^^^^\n  File \"C:\\Users\\Marina\\Desktop\\Diplom\\Diplom_3\\pages\\base_page.py\", line 86, in drag_ingredient_to_basket\n    self.perform_drag_and_drop(ingredient, target)\n  File \"C:\\Users\\Marina\\Desktop\\Diplom\\Diplom_3\\.venv\\Lib\\site-packages\\allure_commons\\_allure.py\", line 192, in impl\n    return func(*a, **kw)\n           ^^^^^^^^^^^^^^\n  File \"C:\\Users\\Marina\\Desktop\\Diplom\\Diplom_3\\pages\\base_page.py\", line 80, in perform_drag_and_drop\n    actions.drag_and_drop(source_element, target_element).perform()\n  File \"C:\\Users\\Marina\\Desktop\\Diplom\\Diplom_3\\.venv\\Lib\\site-packages\\selenium\\webdriver\\common\\action_chains.py\", line 94, in perform\n    self.w3c_actions.perform()\n  File \"C:\\Users\\Marina\\Desktop\\Diplom\\Diplom_3\\.venv\\Lib\\site-packages\\selenium\\webdriver\\common\\actions\\action_builder.py\", line 96, in perform\n    self.driver.execute(Command.W3C_ACTIONS, enc)\n  File \"C:\\Users\\Marina\\Desktop\\Diplom\\Diplom_3\\.venv\\Lib\\site-packages\\selenium\\webdriver\\remote\\webdriver.py\", line 354, in execute\n    self.error_handler.check_response(response)\n  File \"C:\\Users\\Marina\\Desktop\\Diplom\\Diplom_3\\.venv\\Lib\\site-packages\\selenium\\webdriver\\remote\\errorhandler.py\", line 229, in check_response\n    raise exception_class(message, screen, stacktrace)\n"}, "steps": [{"name": "Выполнить перетаскивание элемента", "status": "broken", "statusDetails": {"message": "selenium.common.exceptions.MoveTargetOutOfBoundsException: Message: Move target (603, 1131) is out of bounds of viewport dimensions (1536, 748)\nStacktrace:\nRemoteError@chrome://remote/content/shared/RemoteError.sys.mjs:8:8\nWebDriverError@chrome://remote/content/shared/webdriver/Errors.sys.mjs:193:5\nMoveTargetOutOfBoundsError@chrome://remote/content/shared/webdriver/Errors.sys.mjs:479:5\nassertInViewPort@chrome://remote/content/shared/webdriver/Actions.sys.mjs:2380:11\ndispatch@chrome://remote/content/shared/webdriver/Actions.sys.mjs:1161:21\ndispatch/pendingEvents<@chrome://remote/content/shared/webdriver/Actions.sys.mjs:2036:14\ndispatch@chrome://remote/content/shared/webdriver/Actions.sys.mjs:2035:39\ndispatch/chainEvents<@chrome://remote/content/shared/webdriver/Actions.sys.mjs:1946:27\ndispatch@chrome://remote/content/shared/webdriver/Actions.sys.mjs:1948:7\nperformActions@chrome://remote/content/marionette/actors/MarionetteCommandsChild.sys.mjs:491:23\nreceiveMessage@chrome://remote/content/marionette/actors/MarionetteCommandsChild.sys.mjs:144:31\n\n", "trace": "  File \"C:\\Users\\Marina\\Desktop\\Diplom\\Diplom_3\\.venv\\Lib\\site-packages\\allure_commons\\_allure.py\", line 192, in impl\n    return func(*a, **kw)\n           ^^^^^^^^^^^^^^\n  File \"C:\\Users\\Marina\\Desktop\\Diplom\\Diplom_3\\pages\\base_page.py\", line 80, in perform_drag_and_drop\n    actions.drag_and_drop(source_element, target_element).perform()\n  File \"C:\\Users\\Marina\\Desktop\\Diplom\\Diplom_3\\.venv\\Lib\\site-packages\\selenium\\webdriver\\common\\action_chains.py\", line 94, in perform\n    self.w3c_actions.perform()\n  File \"C:\\Users\\Marina\\Desktop\\Diplom\\Diplom_3\\.venv\\Lib\\site-packages\\selenium\\webdriver\\common\\actions\\action_builder.py\", line 96, in perform\n    self.driver.execute(Command.W3C_ACTIONS, enc)\n  File \"C:\\Users\\Marina\\Desktop\\Diplom\\Diplom_3\\.venv\\Lib\\site-packages\\selenium\\webdriver\\remote\\webdriver.py\", line 354, in execute\n    self.error_handler.check_response(response)\n  File \"C:\\Users\\Marina\\Desktop\\Diplom\\Diplom_3\\.venv\\Lib\\site-packages\\selenium\\webdriver\\remote\\errorhandler.py\", line 229, in check_response\n    raise exception_class(message, screen, stacktrace)\n"}, "parameters": [{"name": "source_element", "value": "<selenium.webdriver.remote.webelement.WebElement (session=\"fa9eccff-2332-4d84-be7a-1adace26c12d\", element=\"0db70696-0203-4dad-90fa-2afafeff7b17\")>"}, {"name": "target_element", "value": "<selenium.webdriver.remote.webelement.WebElement (session=\"fa9eccff-2332-4d84-be7a-1adace26c12d\", element=\"6f5c8601-c245-45e8-9d66-b3f507b1237d\")>"}], "start": 1729762438546, "stop": 1729762438557}], "parameters": [{"name": "ingredient_locator", "value": "['xpath', \".//a[@href='/ingredient/61c0c5a71d1f82001bdaaa6e']\"]"}], "start": 1729762438526, "stop": 1729762438561}], "parameters": [{"name": "driver", "value": "'firefox'"}], "start": 1729762436686, "stop": 1729762438567, "uuid": "a2356523-f871-4895-b3a2-ba5845d4ed2e", "historyId": "705c7da89e906baa0fffb6707178d18d", "testCaseId": "7ddeca8d84d0e8e6c58a5e70d7b2c807", "fullName": "tests.test_main_functions.TestMainFunctions#test_place_order", "labels": [{"name": "parentSuite", "value": "tests"}, {"name": "suite", "value": "test_main_functions"}, {"name": "subSuite", "value": "TestMainFunctions"}, {"name": "host", "value": "NikashaXD"}, {"name": "thread", "value": "24344-MainThread"}, {"name": "framework", "value": "pytest"}, {"name": "language", "value": "cpython3"}, {"name": "package", "value": "tests.test_main_functions"}]}